[
  {
    "level": "INFO",
    "message": "android.ndkVersion from module build.gradle is 21.1.6352462"
  },
  {
    "level": "INFO",
    "message": "ndk.dir in local.properties is not set"
  },
  {
    "level": "INFO",
    "message": "ANDROID_NDK_HOME environment variable is not set"
  },
  {
    "level": "INFO",
    "message": "sdkFolder is /Users/qinmu997/Library/Android/sdk"
  },
  {
    "level": "INFO",
    "message": "Considering /Users/qinmu997/Library/Android/sdk/ndk-bundle in SDK ndk-bundle folder"
  },
  {
    "level": "INFO",
    "message": "Considering /Users/qinmu997/Library/Android/sdk/ndk/21.0.6113669 in SDK ndk folder"
  },
  {
    "level": "INFO",
    "message": "Considering /Users/qinmu997/Library/Android/sdk/ndk/21.1.6352462 in SDK ndk folder"
  },
  {
    "level": "INFO",
    "message": "Found 2 NDK folders that matched requested version 21.1.6352462:"
  },
  {
    "level": "INFO",
    "message": " (1) /Users/qinmu997/Library/Android/sdk/ndk/21.1.6352462 in SDK ndk folder"
  },
  {
    "level": "INFO",
    "message": " (2) /Users/qinmu997/Library/Android/sdk/ndk-bundle in SDK ndk-bundle folder"
  },
  {
    "level": "INFO",
    "message": "  choosing /Users/qinmu997/Library/Android/sdk/ndk/21.1.6352462"
  }
]